::1 - - [Sat, 20 Jan 2024 05:41:16 GMT] 'POST /auth/login HTTP/1.1' 200 248 '-' 'PostmanRuntime/7.36.0
::1 - - [Sat, 20 Jan 2024 05:41:31 GMT] 'GET /users/newspreferences HTTP/1.1' 200 14357 '-' 'PostmanRuntime/7.36.0
::1 - - [Sat, 20 Jan 2024 05:53:02 GMT] 'GET /users/preferences HTTP/1.1' 403 72 '-' 'PostmanRuntime/7.36.0
::1 - - [Sat, 20 Jan 2024 05:53:07 GMT] 'POST /auth/login HTTP/1.1' 200 248 '-' 'PostmanRuntime/7.36.0
::1 - - [Sat, 20 Jan 2024 05:53:21 GMT] 'GET /users/preferences HTTP/1.1' 200 81 '-' 'PostmanRuntime/7.36.0
::1 - - [Sat, 20 Jan 2024 06:01:52 GMT] 'POST /auth/login HTTP/1.1' 200 248 '-' 'PostmanRuntime/7.36.0
::1 - - [Sat, 20 Jan 2024 06:02:10 GMT] 'GET /users/newspreferences HTTP/1.1' 200 14357 '-' 'PostmanRuntime/7.36.0
::1 - - [Sat, 20 Jan 2024 06:02:22 GMT] 'GET /users/newspreferences HTTP/1.1' 200 14403 '-' 'PostmanRuntime/7.36.0
::1 - - [Sat, 20 Jan 2024 06:03:21 GMT] 'POST /auth/login HTTP/1.1' 200 248 '-' 'PostmanRuntime/7.36.0
::1 - - [Sat, 20 Jan 2024 06:03:44 GMT] 'GET /users/newspreferences HTTP/1.1' 200 14357 '-' 'PostmanRuntime/7.36.0
::1 - - [Sat, 20 Jan 2024 06:04:40 GMT] 'GET /users/newspreferences HTTP/1.1' 200 14357 '-' 'PostmanRuntime/7.36.0
::1 - - [Sat, 20 Jan 2024 06:04:49 GMT] 'GET /users/newspreferences HTTP/1.1' 403 72 '-' 'PostmanRuntime/7.36.0
::1 - - [Sat, 20 Jan 2024 06:04:55 GMT] 'POST /auth/login HTTP/1.1' 200 248 '-' 'PostmanRuntime/7.36.0
::1 - - [Sat, 20 Jan 2024 06:05:07 GMT] 'GET /users/newspreferences HTTP/1.1' 200 14357 '-' 'PostmanRuntime/7.36.0
::1 - - [Sat, 20 Jan 2024 06:05:22 GMT] 'GET /users/newspreferences HTTP/1.1' 200 14357 '-' 'PostmanRuntime/7.36.0
::1 - - [Sat, 20 Jan 2024 06:06:02 GMT] 'PUT /users/preferences HTTP/1.1' 500 66 '-' 'PostmanRuntime/7.36.0
::1 - - [Sat, 20 Jan 2024 06:06:17 GMT] 'GET /users/newspreferences HTTP/1.1' 200 16525 '-' 'PostmanRuntime/7.36.0
::1 - - [Sat, 20 Jan 2024 06:06:49 GMT] 'GET /users/newspreferences HTTP/1.1' 403 72 '-' 'PostmanRuntime/7.36.0
::1 - - [Sat, 20 Jan 2024 06:07:04 GMT] 'POST /auth/login HTTP/1.1' 200 248 '-' 'PostmanRuntime/7.36.0
::1 - - [Sat, 20 Jan 2024 06:07:20 GMT] 'GET /users/newspreferences HTTP/1.1' 200 16525 '-' 'PostmanRuntime/7.36.0
::1 - - [Sun, 21 Jan 2024 07:51:51 GMT] 'GET / HTTP/1.1' 404 139 '-' 'Mozilla/5.0 (Windows NT 10.0; Win64; x64) AppleWebKit/537.36 (KHTML, like Gecko) Chrome/120.0.0.0 Safari/537.36
::1 - - [Sun, 21 Jan 2024 07:56:05 GMT] 'POST /auth/login HTTP/1.1' 200 248 '-' 'PostmanRuntime/7.36.0
::1 - - [Sun, 21 Jan 2024 07:56:19 GMT] 'GET /users/preferences HTTP/1.1' 200 70 '-' 'PostmanRuntime/7.36.0
::1 - - [Sun, 21 Jan 2024 07:56:36 GMT] 'GET /users/preferences HTTP/1.1' 200 70 '-' 'PostmanRuntime/7.36.0
::1 - - [Sun, 21 Jan 2024 07:56:52 GMT] 'GET /users/preferences HTTP/1.1' 200 70 '-' 'PostmanRuntime/7.36.0
::1 - - [Sun, 21 Jan 2024 07:57:04 GMT] 'GET /users/preferences HTTP/1.1' 200 70 '-' 'PostmanRuntime/7.36.0
::1 - - [Sun, 21 Jan 2024 07:57:36 GMT] 'PUT /users/preferences HTTP/1.1' 403 72 '-' 'PostmanRuntime/7.36.0
::1 - - [Sun, 21 Jan 2024 07:57:58 GMT] 'PUT /users/preferences HTTP/1.1' 403 72 '-' 'PostmanRuntime/7.36.0
::1 - - [Sun, 21 Jan 2024 07:58:11 GMT] 'PUT /users/preferences HTTP/1.1' 403 72 '-' 'PostmanRuntime/7.36.0
::1 - - [Sun, 21 Jan 2024 07:58:16 GMT] 'POST /auth/login HTTP/1.1' 200 248 '-' 'PostmanRuntime/7.36.0
::1 - - [Sun, 21 Jan 2024 07:58:33 GMT] 'PUT /users/preferences HTTP/1.1' 429 42 '-' 'PostmanRuntime/7.36.0
